\BOOKMARK [1][-]{section.1}{Introduction}{}% 1
\BOOKMARK [1][-]{section.2}{Background}{}% 2
\BOOKMARK [2][-]{subsection.2.1}{Kalman Filters}{section.2}% 3
\BOOKMARK [2][-]{subsection.2.2}{Particle Filters}{section.2}% 4
\BOOKMARK [2][-]{subsection.2.3}{Comparison / Contrast}{section.2}% 5
\BOOKMARK [1][-]{section.3}{Simulations}{}% 6
\BOOKMARK [2][-]{subsection.3.1}{Achievements}{section.3}% 7
\BOOKMARK [2][-]{subsection.3.2}{Benchmark Model}{section.3}% 8
\BOOKMARK [3][-]{subsubsection.3.2.1}{Model design}{subsection.3.2}% 9
\BOOKMARK [3][-]{subsubsection.3.2.2}{Parameters}{subsection.3.2}% 10
\BOOKMARK [2][-]{subsection.3.3}{Personal Model}{section.3}% 11
\BOOKMARK [3][-]{subsubsection.3.3.1}{Model design}{subsection.3.3}% 12
\BOOKMARK [3][-]{subsubsection.3.3.2}{Parameters}{subsection.3.3}% 13
\BOOKMARK [1][-]{section.4}{Results}{}% 14
\BOOKMARK [2][-]{subsection.4.1}{Localization Results}{section.4}% 15
\BOOKMARK [3][-]{subsubsection.4.1.1}{Benchmark}{subsection.4.1}% 16
\BOOKMARK [3][-]{subsubsection.4.1.2}{Student}{subsection.4.1}% 17
\BOOKMARK [1][-]{section.5}{Discussion}{}% 18
\BOOKMARK [1][-]{section.6}{Conclusion / Future work}{}% 19
\BOOKMARK [1][-]{section*.1}{References}{}% 20
